<testsuite failures="0" name="APIFramework/Demo/TestCases/functionLoopsAndConditions.feature" skipped="0" tests="1" time="6.273021">
  <testcase classname="APIFramework.Demo.TestCases.functionLoopsAndConditions" name="List all Users" time="6.273021">
    <system-out>* url 'https://reqres.in/' ................................................ passed
* def ExpectedResult = read('../Data/result.json') ........................ passed
Given path 'api/users?page=2' ............................................. passed
When method get ........................................................... passed
Then status 200 ........................................................... passed
* def data = response.data ................................................ passed
And print 'data ----&gt;',data ............................................... passed
* def myFun = ............................................................. passed
* def result = call myFun data ............................................ passed
Then print 'result is---&gt;',result ......................................... passed</system-out>
  </testcase>
</testsuite>
